<?xml version="1.0" encoding="UTF-8"?>
<testsuites name="TS - 5 Day Weather Forecast - Jakarta Selatan" time="8.236" tests="3" failures="0" errors="0">
   <testsuite name="TS - 5 Day Weather Forecast - Jakarta Selatan" tests="3" failures="0" errors="0" time="8.236" skipped="0" timestamp="23-04-2025T12:54:49" hostname="Admin - 172.26.35.219" id="Test Suites/TS - 5 Day Weather Forecast - Jakarta Selatan">
      <properties>
         <property name="deviceName" value=""/>
         <property name="devicePlatform"/>
         <property name="logFolder" value="C:\\Users\\Admin\\Katalon Studio\\API Testing - Weather Forecast\\Reports\\20250423_125444\\TS - 5 Day Weather Forecast - Jakarta Selatan\\20250423_125445"/>
         <property name="logFiles" value="C:\\Users\\Admin\\Katalon Studio\\API Testing - Weather Forecast\\Reports\\20250423_125444\\TS - 5 Day Weather Forecast - Jakarta Selatan\\20250423_125445\\execution0.log"/>
         <property name="attachments" value=""/>
         <property name="hostName" value="Admin - 172.26.35.219"/>
         <property name="hostAddress" value="172.26.35.219"/>
         <property name="os" value="Windows 11 64bit"/>
         <property name="katalonVersion" value="9.7.5.223"/>
      </properties>
      <testcase name="Test Cases/TC - 5 Day Weather Forecast - Cilandak" time="4.273" classname="Test Cases/TC - 5 Day Weather Forecast - Cilandak" status="PASSED">
         <system-out><![CDATA[23-04-2025T12:54:49 - [TEST_CASE][PASSED] - Test Cases/TC - 5 Day Weather Forecast - Cilandak: Test Cases/TC - 5 Day Weather Forecast - Cilandak

23-04-2025T12:54:50 - [TEST_STEP][PASSED] - response = sendRequest(findTestObject("Object Repository/5 Day Weather Forecast - Cilandak")): Send request successfully

23-04-2025T12:54:52 - [MESSAGE][INFO] - HAR: C:\Users\Admin\Katalon Studio\API Testing - Weather Forecast\Reports\20250423_125444\TS - 5 Day Weather Forecast - Jakarta Selatan\20250423_125445\requests\main\0.har

23-04-2025T12:54:52 - [MESSAGE][PASSED] - Send request successfully

23-04-2025T12:54:52 - [TEST_STEP][PASSED] - verifyResponseStatusCode(response, 200): Verify response status code successfully

23-04-2025T12:54:52 - [MESSAGE][PASSED] - Verify response status code successfully

23-04-2025T12:54:52 - [TEST_STEP][PASSED] - city = getElementPropertyValue(response, "city.name"): null

23-04-2025T12:54:52 - [TEST_STEP][PASSED] - logInfo(City in response: $city): City in response: Cilandak

23-04-2025T12:54:52 - [MESSAGE][INFO] - City in response: Cilandak

23-04-2025T12:54:52 - [TEST_STEP][PASSED] - assert city.contains("Cilandak"): null

23-04-2025T12:54:52 - [TEST_STEP][PASSED] - jsonResponse = JsonSlurper().parseText(response.getResponseText()): null

23-04-2025T12:54:52 - [TEST_STEP][PASSED] - assert dt_txt.startsWith("2025-04-23"): null

23-04-2025T12:54:52 - [TEST_STEP][PASSED] - Thread.sleep(1000): null]]></system-out>
         <system-err><![CDATA[]]></system-err>
      </testcase>
      <testcase name="Test Cases/TC - 5 Day Weather Forecast - Jagakarsa" time="2.034" classname="Test Cases/TC - 5 Day Weather Forecast - Jagakarsa" status="PASSED">
         <system-out><![CDATA[23-04-2025T12:54:53 - [TEST_CASE][PASSED] - Test Cases/TC - 5 Day Weather Forecast - Jagakarsa: Test Cases/TC - 5 Day Weather Forecast - Jagakarsa

23-04-2025T12:54:54 - [TEST_STEP][PASSED] - response = sendRequest(findTestObject("Object Repository/5 Day Weather Forecast - Jagakarsa")): Send request successfully

23-04-2025T12:54:54 - [MESSAGE][INFO] - HAR: C:\Users\Admin\Katalon Studio\API Testing - Weather Forecast\Reports\20250423_125444\TS - 5 Day Weather Forecast - Jakarta Selatan\20250423_125445\requests\main\1.har

23-04-2025T12:54:54 - [MESSAGE][PASSED] - Send request successfully

23-04-2025T12:54:54 - [TEST_STEP][PASSED] - verifyResponseStatusCode(response, 200): Verify response status code successfully

23-04-2025T12:54:54 - [MESSAGE][PASSED] - Verify response status code successfully

23-04-2025T12:54:54 - [TEST_STEP][PASSED] - city = getElementPropertyValue(response, "city.name"): null

23-04-2025T12:54:54 - [TEST_STEP][PASSED] - logInfo(City in response: $city): City in response: Jagakarsa

23-04-2025T12:54:54 - [MESSAGE][INFO] - City in response: Jagakarsa

23-04-2025T12:54:54 - [TEST_STEP][PASSED] - assert city.contains("Jagakarsa"): null

23-04-2025T12:54:54 - [TEST_STEP][PASSED] - jsonResponse = JsonSlurper().parseText(response.getResponseText()): null

23-04-2025T12:54:54 - [TEST_STEP][PASSED] - assert dt_txt.startsWith("2025-04-23"): null

23-04-2025T12:54:54 - [TEST_STEP][PASSED] - Thread.sleep(1000): null]]></system-out>
         <system-err><![CDATA[]]></system-err>
      </testcase>
      <testcase name="Test Cases/TC - 5 Day Weather Forecast - Pancoran" time="1.729" classname="Test Cases/TC - 5 Day Weather Forecast - Pancoran" status="PASSED">
         <system-out><![CDATA[23-04-2025T12:54:56 - [TEST_CASE][PASSED] - Test Cases/TC - 5 Day Weather Forecast - Pancoran: Test Cases/TC - 5 Day Weather Forecast - Pancoran

23-04-2025T12:54:56 - [TEST_STEP][PASSED] - response = sendRequest(findTestObject("Object Repository/5 Day Weather Forecast - Pancoran")): Send request successfully

23-04-2025T12:54:56 - [MESSAGE][INFO] - HAR: C:\Users\Admin\Katalon Studio\API Testing - Weather Forecast\Reports\20250423_125444\TS - 5 Day Weather Forecast - Jakarta Selatan\20250423_125445\requests\main\2.har

23-04-2025T12:54:56 - [MESSAGE][PASSED] - Send request successfully

23-04-2025T12:54:56 - [TEST_STEP][PASSED] - verifyResponseStatusCode(response, 200): Verify response status code successfully

23-04-2025T12:54:56 - [MESSAGE][PASSED] - Verify response status code successfully

23-04-2025T12:54:56 - [TEST_STEP][PASSED] - city = getElementPropertyValue(response, "city.name"): null

23-04-2025T12:54:56 - [TEST_STEP][PASSED] - logInfo(City in response: $city): City in response: Pancoran

23-04-2025T12:54:56 - [MESSAGE][INFO] - City in response: Pancoran

23-04-2025T12:54:56 - [TEST_STEP][PASSED] - assert city.contains("Pancoran"): null

23-04-2025T12:54:56 - [TEST_STEP][PASSED] - jsonResponse = JsonSlurper().parseText(response.getResponseText()): null

23-04-2025T12:54:56 - [TEST_STEP][PASSED] - assert dt_txt.startsWith("2025-04-23"): null

23-04-2025T12:54:56 - [TEST_STEP][PASSED] - Thread.sleep(1000): null]]></system-out>
         <system-err><![CDATA[]]></system-err>
      </testcase>
      <system-out><![CDATA[23-04-2025T12:54:49 - [TEST_SUITE][PASSED] - TS - 5 Day Weather Forecast - Jakarta Selatan: Test Cases/TC - 5 Day Weather Forecast - Pancoran]]></system-out>
      <system-err><![CDATA[]]></system-err>
   </testsuite>
</testsuites>
