<?xml version="1.0" encoding="UTF-8"?>
<testsuites name="TS - Current Air Pollution - Jakarta Selatan" time="9.568" tests="3" failures="0" errors="0">
   <testsuite name="TS - Current Air Pollution - Jakarta Selatan" tests="3" failures="0" errors="0" time="9.568" skipped="0" timestamp="23-04-2025T13:51:58" hostname="Admin - 172.26.35.219" id="Test Suites/TS - Current Air Pollution - Jakarta Selatan">
      <properties>
         <property name="deviceName" value=""/>
         <property name="devicePlatform"/>
         <property name="logFolder" value="C:\\Users\\Admin\\Katalon Studio\\API Testing - Weather Forecast\\Reports\\20250423_135153\\TS - Current Air Pollution - Jakarta Selatan\\20250423_135154"/>
         <property name="logFiles" value="C:\\Users\\Admin\\Katalon Studio\\API Testing - Weather Forecast\\Reports\\20250423_135153\\TS - Current Air Pollution - Jakarta Selatan\\20250423_135154\\execution0.log"/>
         <property name="attachments" value=""/>
         <property name="hostName" value="Admin - 172.26.35.219"/>
         <property name="hostAddress" value="172.26.35.219"/>
         <property name="os" value="Windows 11 64bit"/>
         <property name="katalonVersion" value="9.7.5.223"/>
      </properties>
      <testcase name="Test Cases/TC - Current Air Pollution - Cilandak" time="5.475" classname="Test Cases/TC - Current Air Pollution - Cilandak" status="PASSED">
         <system-out><![CDATA[23-04-2025T13:51:58 - [TEST_CASE][PASSED] - Test Cases/TC - Current Air Pollution - Cilandak: Test Cases/TC - Current Air Pollution - Cilandak

23-04-2025T13:51:59 - [TEST_STEP][PASSED] - response = sendRequest(findTestObject("Object Repository/Current Air Pollution - Cilandak")): Send request successfully

23-04-2025T13:52:02 - [MESSAGE][INFO] - HAR: C:\Users\Admin\Katalon Studio\API Testing - Weather Forecast\Reports\20250423_135153\TS - Current Air Pollution - Jakarta Selatan\20250423_135154\requests\main\0.har

23-04-2025T13:52:02 - [MESSAGE][PASSED] - Send request successfully

23-04-2025T13:52:02 - [TEST_STEP][PASSED] - verifyResponseStatusCode(response, 200): Verify response status code successfully

23-04-2025T13:52:02 - [MESSAGE][PASSED] - Verify response status code successfully

23-04-2025T13:52:02 - [TEST_STEP][PASSED] - jsonResponse = JsonSlurper().parseText(response.getResponseText()): null

23-04-2025T13:52:02 - [TEST_STEP][PASSED] - aqi = aqi: null

23-04-2025T13:52:02 - [TEST_STEP][PASSED] - aqiDescription = "": null

23-04-2025T13:52:02 - [TEST_STEP][PASSED] - switch (aqi): null

23-04-2025T13:52:02 - [TEST_STEP][PASSED] - case 1:: null

23-04-2025T13:52:02 - [TEST_STEP][PASSED] - aqiDescription = "Good": null

23-04-2025T13:52:02 - [TEST_STEP][PASSED] - break: null

23-04-2025T13:52:02 - [TEST_STEP][PASSED] - ResponseBody = ["location":"Cilandak, Jakarta Selatan", "AQI":aqi, "description":aqiDescription]: null

23-04-2025T13:52:02 - [TEST_STEP][PASSED] - println(JsonBuilder(ResponseBody).toPrettyString()): null

23-04-2025T13:52:02 - [TEST_STEP][PASSED] - markPassed(AQI: $aqi): AQI: 1

23-04-2025T13:52:02 - [MESSAGE][PASSED] - AQI: 1

23-04-2025T13:52:02 - [TEST_STEP][PASSED] - markPassed(Description: $aqiDescription): Description: Good

23-04-2025T13:52:02 - [MESSAGE][PASSED] - Description: Good

23-04-2025T13:52:02 - [TEST_STEP][PASSED] - Thread.sleep(1000): null]]></system-out>
         <system-err><![CDATA[]]></system-err>
      </testcase>
      <testcase name="Test Cases/TC - Current Air Pollution - Jagakarsa" time="1.831" classname="Test Cases/TC - Current Air Pollution - Jagakarsa" status="PASSED">
         <system-out><![CDATA[23-04-2025T13:52:03 - [TEST_CASE][PASSED] - Test Cases/TC - Current Air Pollution - Jagakarsa: Test Cases/TC - Current Air Pollution - Jagakarsa

23-04-2025T13:52:04 - [TEST_STEP][PASSED] - response = sendRequest(findTestObject("Object Repository/Current Air Pollution - Jagakarsa")): Send request successfully

23-04-2025T13:52:04 - [MESSAGE][INFO] - HAR: C:\Users\Admin\Katalon Studio\API Testing - Weather Forecast\Reports\20250423_135153\TS - Current Air Pollution - Jakarta Selatan\20250423_135154\requests\main\1.har

23-04-2025T13:52:04 - [MESSAGE][PASSED] - Send request successfully

23-04-2025T13:52:04 - [TEST_STEP][PASSED] - verifyResponseStatusCode(response, 200): Verify response status code successfully

23-04-2025T13:52:04 - [MESSAGE][PASSED] - Verify response status code successfully

23-04-2025T13:52:04 - [TEST_STEP][PASSED] - jsonResponse = JsonSlurper().parseText(response.getResponseText()): null

23-04-2025T13:52:04 - [TEST_STEP][PASSED] - aqi = aqi: null

23-04-2025T13:52:04 - [TEST_STEP][PASSED] - aqiDescription = "": null

23-04-2025T13:52:04 - [TEST_STEP][PASSED] - switch (aqi): null

23-04-2025T13:52:04 - [TEST_STEP][PASSED] - case 1:: null

23-04-2025T13:52:04 - [TEST_STEP][PASSED] - aqiDescription = "Good": null

23-04-2025T13:52:04 - [TEST_STEP][PASSED] - break: null

23-04-2025T13:52:04 - [TEST_STEP][PASSED] - ResponseBody = ["location":"Cilandak, Jakarta Selatan", "AQI":aqi, "description":aqiDescription]: null

23-04-2025T13:52:04 - [TEST_STEP][PASSED] - println(JsonBuilder(ResponseBody).toPrettyString()): null

23-04-2025T13:52:04 - [TEST_STEP][PASSED] - markPassed(AQI: $aqi): AQI: 1

23-04-2025T13:52:04 - [MESSAGE][PASSED] - AQI: 1

23-04-2025T13:52:04 - [TEST_STEP][PASSED] - markPassed(Description: $aqiDescription): Description: Good

23-04-2025T13:52:04 - [MESSAGE][PASSED] - Description: Good

23-04-2025T13:52:04 - [TEST_STEP][PASSED] - Thread.sleep(1000): null]]></system-out>
         <system-err><![CDATA[]]></system-err>
      </testcase>
      <testcase name="Test Cases/TC - Current Air Pollution - Pancoran" time="2.061" classname="Test Cases/TC - Current Air Pollution - Pancoran" status="PASSED">
         <system-out><![CDATA[23-04-2025T13:52:05 - [TEST_CASE][PASSED] - Test Cases/TC - Current Air Pollution - Pancoran: Test Cases/TC - Current Air Pollution - Pancoran

23-04-2025T13:52:06 - [TEST_STEP][PASSED] - response = sendRequest(findTestObject("Object Repository/Current Air Pollution - Pancoran")): Send request successfully

23-04-2025T13:52:06 - [MESSAGE][INFO] - HAR: C:\Users\Admin\Katalon Studio\API Testing - Weather Forecast\Reports\20250423_135153\TS - Current Air Pollution - Jakarta Selatan\20250423_135154\requests\main\2.har

23-04-2025T13:52:06 - [MESSAGE][PASSED] - Send request successfully

23-04-2025T13:52:06 - [TEST_STEP][PASSED] - verifyResponseStatusCode(response, 200): Verify response status code successfully

23-04-2025T13:52:06 - [MESSAGE][PASSED] - Verify response status code successfully

23-04-2025T13:52:06 - [TEST_STEP][PASSED] - jsonResponse = JsonSlurper().parseText(response.getResponseText()): null

23-04-2025T13:52:06 - [TEST_STEP][PASSED] - aqi = aqi: null

23-04-2025T13:52:06 - [TEST_STEP][PASSED] - aqiDescription = "": null

23-04-2025T13:52:06 - [TEST_STEP][PASSED] - switch (aqi): null

23-04-2025T13:52:06 - [TEST_STEP][PASSED] - case 1:: null

23-04-2025T13:52:06 - [TEST_STEP][PASSED] - aqiDescription = "Good": null

23-04-2025T13:52:06 - [TEST_STEP][PASSED] - break: null

23-04-2025T13:52:06 - [TEST_STEP][PASSED] - ResponseBody = ["location":"Cilandak, Jakarta Selatan", "AQI":aqi, "description":aqiDescription]: null

23-04-2025T13:52:06 - [TEST_STEP][PASSED] - println(JsonBuilder(ResponseBody).toPrettyString()): null

23-04-2025T13:52:06 - [TEST_STEP][PASSED] - markPassed(AQI: $aqi): AQI: 1

23-04-2025T13:52:06 - [MESSAGE][PASSED] - AQI: 1

23-04-2025T13:52:06 - [TEST_STEP][PASSED] - markPassed(Description: $aqiDescription): Description: Good

23-04-2025T13:52:06 - [MESSAGE][PASSED] - Description: Good

23-04-2025T13:52:06 - [TEST_STEP][PASSED] - Thread.sleep(1000): null]]></system-out>
         <system-err><![CDATA[]]></system-err>
      </testcase>
      <system-out><![CDATA[23-04-2025T13:51:58 - [TEST_SUITE][PASSED] - TS - Current Air Pollution - Jakarta Selatan: Test Cases/TC - Current Air Pollution - Pancoran]]></system-out>
      <system-err><![CDATA[]]></system-err>
   </testsuite>
</testsuites>
